-------------------------------------------------------------------------------
Test set: TestSuite
-------------------------------------------------------------------------------
Tests run: 2, Failures: 1, Errors: 0, Skipped: 0, Time elapsed: 60.109 s <<< FAILURE! - in TestSuite
createanaccounttests.CreateAnAccountTests.createValidAccount[hgggfhgtht@live.com, Mohamed, Ashry, Ashriaans, 123456789, Ain-Shams, Egypt,  11772, 01117745460,  hena](1)  Time elapsed: 21.561 s  <<< FAILURE!
java.lang.AssertionError: The account does't created successfully expected [My account - My Store] but found [Login - My Store]
	at createanaccounttests.CreateAnAccountTests.createValidAccount(CreateAnAccountTests.java:52)

