<?xml version="1.0" encoding="UTF-8"?>
<testsuite xmlns:xsi="http://www.w3.org/2001/XMLSchema-instance" xsi:noNamespaceSchemaLocation="https://maven.apache.org/surefire/maven-surefire-plugin/xsd/surefire-test-report-3.0.xsd" version="3.0" name="TestSuite" time="60.109" tests="2" errors="0" skipped="0" failures="1">
  <properties>
[...]
</properties>
  <testcase name="purchaseProduct[Muhammadashry@hotmail.com, Dntbelieve_me1](1)" classname="purchaseproduct.PurchaseProduct" time="20.071">
    <system-out><![CDATA[Muhammadashry@hotmail.com
hgggfhgtht@live.com
Mohamed
Ashry
Ashriaans
123456789
Ain-Shams
Egypt
 11772
01117745460
 hena
ya ashry na linktext esmy: Blouses
Page navigated: Blouses - My Store
]]></system-out>
    <system-err><![CDATA[SLF4J: Failed to load class "org.slf4j.impl.StaticLoggerBinder".
SLF4J: Defaulting to no-operation (NOP) logger implementation
SLF4J: See http://www.slf4j.org/codes.html#StaticLoggerBinder for further details.
Apr 29, 2022 8:26:15 PM io.cucumber.core.runtime.FeaturePathFeatureSupplier get
WARNING: No features found at classpath:/purchaseproduct
Apr 29, 2022 8:26:15 PM io.cucumber.core.runtime.FeaturePathFeatureSupplier get
WARNING: No features found at classpath:/createanaccounttests
Apr 29, 2022 8:26:15 PM org.openqa.selenium.remote.tracing.opentelemetry.OpenTelemetryTracer createTracer
INFO: Using OpenTelemetry for tracing
ERROR StatusLogger Log4j2 could not find a logging implementation. Please add log4j-core to the classpath. Using SimpleLogger to log to the console...
Starting ChromeDriver 100.0.4896.60 (6a5d10861ce8de5fce22564658033b43cb7de047-refs/branch-heads/4896@{#875}) on port 50465
Only local connections are allowed.
Please see https://chromedriver.chromium.org/security-considerations for suggestions on keeping ChromeDriver safe.
ChromeDriver was started successfully.
Apr 29, 2022 8:26:20 PM org.openqa.selenium.remote.ProtocolHandshake createSession
INFO: Detected dialect: W3C
Apr 29, 2022 8:26:20 PM org.openqa.selenium.devtools.CdpVersionFinder findNearestMatch
WARNING: Unable to find an exact match for CDP version 100, so returning the closest version found: 97
Apr 29, 2022 8:26:20 PM org.openqa.selenium.devtools.CdpVersionFinder findNearestMatch
INFO: Found CDP implementation for version 100 of 97
Apr 29, 2022 8:26:26 PM org.openqa.selenium.remote.ProtocolHandshake createSession
INFO: Detected dialect: W3C
1651256786956	geckodriver	INFO	Listening on 127.0.0.1:63025
1651256787362	mozrunner::runner	INFO	Running command: "C:\\Program Files\\Mozilla Firefox\\firefox.exe" "--marionette" "--remote-debugging-port" "59461" "--remote-allow-hosts" "localhost" "-no-remote" "-profile" "C:\\Users\\Muham\\AppData\\Local\\Temp\\rust_mozprofilekfRwuB"
1651256788494	Marionette	INFO	Marionette enabled
console.warn: SearchSettings: "get: No settings file exists, new profile?" (new NotFoundError("Could not open the file at C:\\Users\\Muham\\AppData\\Local\\Temp\\rust_mozprofilekfRwuB\\search.json.mozlz4", (void 0)))
DevTools listening on ws://localhost:59461/devtools/browser/0fed8ba8-59e1-4a12-93bc-5e04d03255c2
1651256798930	Marionette	INFO	Listening on port 57236
Read port: 57236
1651256799217	RemoteAgent	WARN	TLS certificate errors will be ignored for this session
Apr 29, 2022 8:26:39 PM org.openqa.selenium.remote.ProtocolHandshake createSession
INFO: Detected dialect: W3C
console.warn: LoginRecipes: "getRecipes: falling back to a synchronous message for:" "http://automationpractice.com"
console.warn: LoginRecipes: "getRecipes: falling back to a synchronous message for:" "http://automationpractice.com"
JavaScript error: resource://gre/modules/LoginManagerParent.jsm, line 136: TypeError: gRecipeManager is null
console.warn: LoginRecipes: "getRecipes: falling back to a synchronoJuasv maeSscsraigpet  feorrr:o"r :" hrtetspo:u/r/caeu:t/o/mgartei/omnopdrualcetsi/cLeo.gcionmM"an
agerParent.jsm, line 136: TypeError: gRecipeMcaonangseorl ies. wnaurlnl: 
LoginRecipes: "getRecipes: falling back to a sJyanvcahSrocnroiupst  meersrsoarg:e  rfeosro:u"r c"eh:t//tgpr:e//m/oaduulteosm/aLtioognipnrMaacntagiecrePa.rceonmt".j
sm, line 136: TypeError: gRecipeManager is null
console.warn: LoginRecipes: "getRecipes: falling backJ atvoa Sac rsipty ncehrrroonr:o usr esmoeusrscaege:/ f/ogrre:/"m o"dhutletps/:L//oaguitnMomaanatigeonrPpraraectnit.cejs.mco, ml"in
e 136: TypeError: gRecipeManager is null
]]></system-err>
  </testcase>
  <testcase name="createValidAccount[hgggfhgtht@live.com, Mohamed, Ashry, Ashriaans, 123456789, Ain-Shams, Egypt,  11772, 01117745460,  hena](1)" classname="createanaccounttests.CreateAnAccountTests" time="21.561">
    <failure message="The account does&apos;t created successfully expected [My account - My Store] but found [Login - My Store]" type="java.lang.AssertionError"><![CDATA[java.lang.AssertionError: The account does't created successfully expected [My account - My Store] but found [Login - My Store]
	at createanaccounttests.CreateAnAccountTests.createValidAccount(CreateAnAccountTests.java:52)
]]></failure>
  </testcase>
</testsuite>